<?xml version="1.0" encoding="UTF-8"?>
<!-- Generated by org.testng.reporters.JUnitXMLReporter -->
<testsuite hostname="DESKTOP-3PM5V2A" name="Test" tests="3" failures="0" timestamp="23 Jul 2019 13:41:22 GMT" time="85.354" errors="0">
  <testcase name="createNewContact" time="4.29" classname="testCases.ContactFormPageTest"/>
  <testcase name="createNewContact" time="2.052" classname="testCases.ContactFormPageTest"/>
  <testcase name="createNewContact" time="1.989" classname="testCases.ContactFormPageTest"/>
</testsuite> <!-- Test -->
